Determining if the pthread_create exist failed with the following output:
Change Dir: /home/users/lshixin/catkin_ws/src/walking_person_plugin/CMakeFiles/CMakeTmp

Run Build Command:"/usr/bin/make" "cmTC_375a9/fast"
/usr/bin/make -f CMakeFiles/cmTC_375a9.dir/build.make CMakeFiles/cmTC_375a9.dir/build
make[1]: Entering directory '/home/users/lshixin/catkin_ws/src/walking_person_plugin/CMakeFiles/CMakeTmp'
Building C object CMakeFiles/cmTC_375a9.dir/CheckSymbolExists.c.o
/usr/bin/cc     -o CMakeFiles/cmTC_375a9.dir/CheckSymbolExists.c.o   -c /home/users/lshixin/catkin_ws/src/walking_person_plugin/CMakeFiles/CMakeTmp/CheckSymbolExists.c
Linking C executable cmTC_375a9
/usr/bin/cmake -E cmake_link_script CMakeFiles/cmTC_375a9.dir/link.txt --verbose=1
/usr/bin/cc       CMakeFiles/cmTC_375a9.dir/CheckSymbolExists.c.o  -o cmTC_375a9 -rdynamic 
CMakeFiles/cmTC_375a9.dir/CheckSymbolExists.c.o: In function `main':
CheckSymbolExists.c:(.text+0x16): undefined reference to `pthread_create'
collect2: error: ld returned 1 exit status
CMakeFiles/cmTC_375a9.dir/build.make:97: recipe for target 'cmTC_375a9' failed
make[1]: *** [cmTC_375a9] Error 1
make[1]: Leaving directory '/home/users/lshixin/catkin_ws/src/walking_person_plugin/CMakeFiles/CMakeTmp'
Makefile:126: recipe for target 'cmTC_375a9/fast' failed
make: *** [cmTC_375a9/fast] Error 2

File /home/users/lshixin/catkin_ws/src/walking_person_plugin/CMakeFiles/CMakeTmp/CheckSymbolExists.c:
/* */
#include <pthread.h>

int main(int argc, char** argv)
{
  (void)argv;
#ifndef pthread_create
  return ((int*)(&pthread_create))[argc];
#else
  (void)argc;
  return 0;
#endif
}

Determining if the function pthread_create exists in the pthreads failed with the following output:
Change Dir: /home/users/lshixin/catkin_ws/src/walking_person_plugin/CMakeFiles/CMakeTmp

Run Build Command:"/usr/bin/make" "cmTC_edde4/fast"
/usr/bin/make -f CMakeFiles/cmTC_edde4.dir/build.make CMakeFiles/cmTC_edde4.dir/build
make[1]: Entering directory '/home/users/lshixin/catkin_ws/src/walking_person_plugin/CMakeFiles/CMakeTmp'
Building C object CMakeFiles/cmTC_edde4.dir/CheckFunctionExists.c.o
/usr/bin/cc    -DCHECK_FUNCTION_EXISTS=pthread_create   -o CMakeFiles/cmTC_edde4.dir/CheckFunctionExists.c.o   -c /usr/share/cmake-3.5/Modules/CheckFunctionExists.c
Linking C executable cmTC_edde4
/usr/bin/cmake -E cmake_link_script CMakeFiles/cmTC_edde4.dir/link.txt --verbose=1
/usr/bin/cc   -DCHECK_FUNCTION_EXISTS=pthread_create    CMakeFiles/cmTC_edde4.dir/CheckFunctionExists.c.o  -o cmTC_edde4 -rdynamic -lpthreads 
/usr/bin/ld: cannot find -lpthreads
collect2: error: ld returned 1 exit status
CMakeFiles/cmTC_edde4.dir/build.make:97: recipe for target 'cmTC_edde4' failed
make[1]: *** [cmTC_edde4] Error 1
make[1]: Leaving directory '/home/users/lshixin/catkin_ws/src/walking_person_plugin/CMakeFiles/CMakeTmp'
Makefile:126: recipe for target 'cmTC_edde4/fast' failed
make: *** [cmTC_edde4/fast] Error 2


